{"expected_evidence_ids": ["ev_otrf_soc_telemetry_0001_001"], "expected_guardrails": [{"expected": "pass", "fields": [], "guardrail": "healthcare_safeguard", "reason": "SOC telemetry carries no healthcare context after the SAFE_FIELDS projection."}, {"expected": "review_required", "fields": [], "guardrail": "role_visibility", "reason": "Manager, GRC, legal, and audit views receive safe summaries only."}], "expected_result": {"manager_review_required": true, "mitre_technique": "T1003.002", "review_required": true}, "expected_role_visibility": {"ai": {"raw_sensitive_values_visible": false, "role": "ai", "summary": "Model-visible views receive sanitized and tokenized content only.", "tokenized_values_visible": true}, "analyst": {"raw_sensitive_values_visible": false, "role": "analyst", "summary": "Analyst views may inspect sanitized security context but not raw sensitive values.", "tokenized_values_visible": true}, "audit_debug": {"raw_sensitive_values_visible": false, "role": "audit_debug", "summary": "Audit/debug views receive tokens, detector categories, hashes, and decisions only.", "tokenized_values_visible": true}, "engineer": {"raw_sensitive_values_visible": false, "role": "engineer", "summary": "Engineer views may inspect sanitized technical context but not raw sensitive values.", "tokenized_values_visible": true}, "legal_privacy": {"raw_sensitive_values_visible": false, "role": "legal_privacy", "summary": "Legal and privacy views receive exposure metadata without raw sensitive values.", "tokenized_values_visible": true}, "manager_grc": {"raw_sensitive_values_visible": false, "role": "manager_grc", "summary": "Manager and GRC views receive safe summaries and evidence alignment only.", "tokenized_values_visible": true}}, "fixture_id": "otrf_soc_telemetry_0001", "notes": "SOC-telemetry fixture derived from MIT-licensed OTRF Security-Datasets lab events. Identifying fields (host, SID, account, domain, port) are dropped by a fail-closed SAFE_FIELDS allowlist; only non-identifying analytical fields survive.", "payload": {"alerts": [{"alert_id": "alert_otrf_soc_telemetry_0001_001", "description": "Sanitized SOC telemetry sample illustrating SAM credential access (T1003.002); analyst and manager review required.", "name": "Adversary technique telemetry review", "severity": "medium", "source": "otrf"}], "description": "Sanitized SOC telemetry sample illustrating SAM credential access (T1003.002); analyst and manager review required.", "entities": [{"entity_type": "host", "role": "affected_asset", "value": "demo-workstation-01"}], "events": [{"description": "Reviewed OTRF lab event projected to non-identifying analytical fields.", "event_id": "evt_otrf_soc_telemetry_0001_001", "event_type": "synthetic_fixture_event", "normalized": {"fixture_type": "soc_telemetry", "source_event": {"Category": "Registry object added or deleted (rule: RegistryEvent)", "Channel": "Microsoft-Windows-Sysmon/Operational", "EventID": 12, "EventTime": "2020-09-22 04:11:16", "EventTypeOrignal": "INFO", "Opcode": "Info", "ProcessName": "powershell.exe", "RuleName": "-", "Severity": "INFO", "SourceName": "Microsoft-Windows-Sysmon", "Task": 12, "UtcTime": "2020-09-22 08:11:16.328", "tags": ["mordorDataset"]}}, "provenance": {"record_index": 0, "source_event_id": "otrf_soc_telemetry_0001", "source_file": "otrf_reviewed_sample"}, "raw_reference": "external source sample removed after sanitization", "source": "otrf"}], "evidence": [{"event_ids": ["evt_otrf_soc_telemetry_0001_001"], "evidence_id": "ev_otrf_soc_telemetry_0001_001", "evidence_type": "log", "excerpt": "{\"Category\": \"Registry object added or deleted (rule: RegistryEvent)\", \"Channel\": \"Microsoft-Windows-Sysmon/Operational\", \"EventID\": 12, \"EventTime\": \"2020-09-22 04:11:16\", \"EventTypeOrignal\": \"INFO\", \"Opcode\": \"Info\", \"ProcessName\": \"powershell.exe\", \"RuleName\": \"-\", \"Severity\": \"INFO\", \"SourceName", "provenance": {"record_index": 0, "source_event_id": "otrf_soc_telemetry_0001", "source_file": "otrf_reviewed_sample"}, "sensitivity": "demo", "source_uri": "fixture://otrf_soc_telemetry_0001", "summary": "Reviewed OTRF lab event projected to non-identifying analytical fields."}], "iocs": [], "organization_context": {"business_unit": "internal_soc", "environment": "demo", "operating_model": "mssp_to_internal_soc_transition", "sensitivity": "demo"}, "source": "generic_soar", "source_case_id": "fixture-otrf_soc_telemetry_0001", "source_metadata": {"fixture_factory": true, "healthcare_review_required": false, "manager_review_required": true, "mitre_technique": "T1003.002", "source_family": "otrf"}, "source_payload_hash": "sha256:84baa6f2a036e34b9b5a7f635db5b6d56a62b32831b43ee2cd5982bc9db805e4", "title": "Adversary technique telemetry review"}, "raw_source_retained": false, "scenario_type": "soc_case", "source_family": "otrf", "source_metadata": {"adapter": "otrf_adapter", "license_review_required": true, "raw_source_committed": false, "record_index": 0, "source_file": "empire_mimikatz_sam_access_2020-09-22041117.json", "source_id": "otrf_security_datasets", "source_payload_hash": "sha256:7f29439188e834a0d87cae82d5fd8be0897d73cf04e0639c4d7a797cc7b345df"}, "source_reference": "otrf_security_datasets", "synthetic_only": true}
{"expected_evidence_ids": ["ev_otrf_soc_telemetry_0002_001"], "expected_guardrails": [{"expected": "pass", "fields": [], "guardrail": "healthcare_safeguard", "reason": "SOC telemetry carries no healthcare context after the SAFE_FIELDS projection."}, {"expected": "review_required", "fields": [], "guardrail": "role_visibility", "reason": "Manager, GRC, legal, and audit views receive safe summaries only."}], "expected_result": {"manager_review_required": true, "mitre_technique": "T1003.002", "review_required": true}, "expected_role_visibility": {"ai": {"raw_sensitive_values_visible": false, "role": "ai", "summary": "Model-visible views receive sanitized and tokenized content only.", "tokenized_values_visible": true}, "analyst": {"raw_sensitive_values_visible": false, "role": "analyst", "summary": "Analyst views may inspect sanitized security context but not raw sensitive values.", "tokenized_values_visible": true}, "audit_debug": {"raw_sensitive_values_visible": false, "role": "audit_debug", "summary": "Audit/debug views receive tokens, detector categories, hashes, and decisions only.", "tokenized_values_visible": true}, "engineer": {"raw_sensitive_values_visible": false, "role": "engineer", "summary": "Engineer views may inspect sanitized technical context but not raw sensitive values.", "tokenized_values_visible": true}, "legal_privacy": {"raw_sensitive_values_visible": false, "role": "legal_privacy", "summary": "Legal and privacy views receive exposure metadata without raw sensitive values.", "tokenized_values_visible": true}, "manager_grc": {"raw_sensitive_values_visible": false, "role": "manager_grc", "summary": "Manager and GRC views receive safe summaries and evidence alignment only.", "tokenized_values_visible": true}}, "fixture_id": "otrf_soc_telemetry_0002", "notes": "SOC-telemetry fixture derived from MIT-licensed OTRF Security-Datasets lab events. Identifying fields (host, SID, account, domain, port) are dropped by a fail-closed SAFE_FIELDS allowlist; only non-identifying analytical fields survive.", "payload": {"alerts": [{"alert_id": "alert_otrf_soc_telemetry_0002_001", "description": "Sanitized SOC telemetry sample illustrating SAM credential access (T1003.002); analyst and manager review required.", "name": "Adversary technique telemetry review", "severity": "medium", "source": "otrf"}], "description": "Sanitized SOC telemetry sample illustrating SAM credential access (T1003.002); analyst and manager review required.", "entities": [{"entity_type": "host", "role": "affected_asset", "value": "demo-workstation-01"}], "events": [{"description": "Reviewed OTRF lab event projected to non-identifying analytical fields.", "event_id": "evt_otrf_soc_telemetry_0002_001", "event_type": "synthetic_fixture_event", "normalized": {"fixture_type": "soc_telemetry", "source_event": {"Category": "Process accessed (rule: ProcessAccess)", "Channel": "Microsoft-Windows-Sysmon/Operational", "EventID": 10, "EventTime": "2020-09-22 04:11:16", "EventType": "INFO", "Opcode": "Info", "RuleName": "-", "Severity": "INFO", "SourceName": "Microsoft-Windows-Sysmon", "Task": 10, "UtcTime": "2020-09-22 08:11:16.328", "tags": ["mordorDataset"]}}, "provenance": {"record_index": 0, "source_event_id": "otrf_soc_telemetry_0002", "source_file": "otrf_reviewed_sample"}, "raw_reference": "external source sample removed after sanitization", "source": "otrf"}], "evidence": [{"event_ids": ["evt_otrf_soc_telemetry_0002_001"], "evidence_id": "ev_otrf_soc_telemetry_0002_001", "evidence_type": "log", "excerpt": "{\"Category\": \"Process accessed (rule: ProcessAccess)\", \"Channel\": \"Microsoft-Windows-Sysmon/Operational\", \"EventID\": 10, \"EventTime\": \"2020-09-22 04:11:16\", \"EventType\": \"INFO\", \"Opcode\": \"Info\", \"RuleName\": \"-\", \"Severity\": \"INFO\", \"SourceName\": \"Microsoft-Windows-Sysmon\", \"Task\": 10, \"UtcTime\": \"2", "provenance": {"record_index": 0, "source_event_id": "otrf_soc_telemetry_0002", "source_file": "otrf_reviewed_sample"}, "sensitivity": "demo", "source_uri": "fixture://otrf_soc_telemetry_0002", "summary": "Reviewed OTRF lab event projected to non-identifying analytical fields."}], "iocs": [], "organization_context": {"business_unit": "internal_soc", "environment": "demo", "operating_model": "mssp_to_internal_soc_transition", "sensitivity": "demo"}, "source": "generic_soar", "source_case_id": "fixture-otrf_soc_telemetry_0002", "source_metadata": {"fixture_factory": true, "healthcare_review_required": false, "manager_review_required": true, "mitre_technique": "T1003.002", "source_family": "otrf"}, "source_payload_hash": "sha256:2f899e2623930ae2425061b10fcf3e3e466334355c6715b8ecb4f9ed49095988", "title": "Adversary technique telemetry review"}, "raw_source_retained": false, "scenario_type": "soc_case", "source_family": "otrf", "source_metadata": {"adapter": "otrf_adapter", "license_review_required": true, "raw_source_committed": false, "record_index": 1, "source_file": "empire_mimikatz_sam_access_2020-09-22041117.json", "source_id": "otrf_security_datasets", "source_payload_hash": "sha256:48d6caff419e194927f6a17901461b8e6bcbd44cc0e561540935c4b4fe38974f"}, "source_reference": "otrf_security_datasets", "synthetic_only": true}
{"expected_evidence_ids": ["ev_otrf_soc_telemetry_0003_001"], "expected_guardrails": [{"expected": "pass", "fields": [], "guardrail": "healthcare_safeguard", "reason": "SOC telemetry carries no healthcare context after the SAFE_FIELDS projection."}, {"expected": "review_required", "fields": [], "guardrail": "role_visibility", "reason": "Manager, GRC, legal, and audit views receive safe summaries only."}], "expected_result": {"manager_review_required": true, "mitre_technique": "T1003.002", "review_required": true}, "expected_role_visibility": {"ai": {"raw_sensitive_values_visible": false, "role": "ai", "summary": "Model-visible views receive sanitized and tokenized content only.", "tokenized_values_visible": true}, "analyst": {"raw_sensitive_values_visible": false, "role": "analyst", "summary": "Analyst views may inspect sanitized security context but not raw sensitive values.", "tokenized_values_visible": true}, "audit_debug": {"raw_sensitive_values_visible": false, "role": "audit_debug", "summary": "Audit/debug views receive tokens, detector categories, hashes, and decisions only.", "tokenized_values_visible": true}, "engineer": {"raw_sensitive_values_visible": false, "role": "engineer", "summary": "Engineer views may inspect sanitized technical context but not raw sensitive values.", "tokenized_values_visible": true}, "legal_privacy": {"raw_sensitive_values_visible": false, "role": "legal_privacy", "summary": "Legal and privacy views receive exposure metadata without raw sensitive values.", "tokenized_values_visible": true}, "manager_grc": {"raw_sensitive_values_visible": false, "role": "manager_grc", "summary": "Manager and GRC views receive safe summaries and evidence alignment only.", "tokenized_values_visible": true}}, "fixture_id": "otrf_soc_telemetry_0003", "notes": "SOC-telemetry fixture derived from MIT-licensed OTRF Security-Datasets lab events. Identifying fields (host, SID, account, domain, port) are dropped by a fail-closed SAFE_FIELDS allowlist; only non-identifying analytical fields survive.", "payload": {"alerts": [{"alert_id": "alert_otrf_soc_telemetry_0003_001", "description": "Sanitized SOC telemetry sample illustrating SAM credential access (T1003.002); analyst and manager review required.", "name": "Adversary technique telemetry review", "severity": "medium", "source": "otrf"}], "description": "Sanitized SOC telemetry sample illustrating SAM credential access (T1003.002); analyst and manager review required.", "entities": [{"entity_type": "host", "role": "affected_asset", "value": "demo-workstation-01"}], "events": [{"description": "Reviewed OTRF lab event projected to non-identifying analytical fields.", "event_id": "evt_otrf_soc_telemetry_0003_001", "event_type": "synthetic_fixture_event", "normalized": {"fixture_type": "soc_telemetry", "source_event": {"Category": "Registry value set (rule: RegistryEvent)", "Channel": "Microsoft-Windows-Sysmon/Operational", "EventID": 13, "EventTime": "2020-09-22 04:11:17", "EventTypeOrignal": "INFO", "Opcode": "Info", "ProcessName": "lsass.exe", "RuleName": "-", "Severity": "INFO", "SourceName": "Microsoft-Windows-Sysmon", "Task": 13, "UtcTime": "2020-09-22 08:11:17.202", "tags": ["mordorDataset"]}}, "provenance": {"record_index": 0, "source_event_id": "otrf_soc_telemetry_0003", "source_file": "otrf_reviewed_sample"}, "raw_reference": "external source sample removed after sanitization", "source": "otrf"}], "evidence": [{"event_ids": ["evt_otrf_soc_telemetry_0003_001"], "evidence_id": "ev_otrf_soc_telemetry_0003_001", "evidence_type": "log", "excerpt": "{\"Category\": \"Registry value set (rule: RegistryEvent)\", \"Channel\": \"Microsoft-Windows-Sysmon/Operational\", \"EventID\": 13, \"EventTime\": \"2020-09-22 04:11:17\", \"EventTypeOrignal\": \"INFO\", \"Opcode\": \"Info\", \"ProcessName\": \"lsass.exe\", \"RuleName\": \"-\", \"Severity\": \"INFO\", \"SourceName\": \"Microsoft-Windo", "provenance": {"record_index": 0, "source_event_id": "otrf_soc_telemetry_0003", "source_file": "otrf_reviewed_sample"}, "sensitivity": "demo", "source_uri": "fixture://otrf_soc_telemetry_0003", "summary": "Reviewed OTRF lab event projected to non-identifying analytical fields."}], "iocs": [], "organization_context": {"business_unit": "internal_soc", "environment": "demo", "operating_model": "mssp_to_internal_soc_transition", "sensitivity": "demo"}, "source": "generic_soar", "source_case_id": "fixture-otrf_soc_telemetry_0003", "source_metadata": {"fixture_factory": true, "healthcare_review_required": false, "manager_review_required": true, "mitre_technique": "T1003.002", "source_family": "otrf"}, "source_payload_hash": "sha256:c123ccf3e7b1fb2bf777c21015224447a7080aa6b14b7fc39ef87a58e5a202f2", "title": "Adversary technique telemetry review"}, "raw_source_retained": false, "scenario_type": "soc_case", "source_family": "otrf", "source_metadata": {"adapter": "otrf_adapter", "license_review_required": true, "raw_source_committed": false, "record_index": 13, "source_file": "empire_mimikatz_sam_access_2020-09-22041117.json", "source_id": "otrf_security_datasets", "source_payload_hash": "sha256:afb03e6582805f968e298b516549cc8699c248ac16775f907e156757e31dfac6"}, "source_reference": "otrf_security_datasets", "synthetic_only": true}
{"expected_evidence_ids": ["ev_otrf_soc_telemetry_0004_001"], "expected_guardrails": [{"expected": "pass", "fields": [], "guardrail": "healthcare_safeguard", "reason": "SOC telemetry carries no healthcare context after the SAFE_FIELDS projection."}, {"expected": "review_required", "fields": [], "guardrail": "role_visibility", "reason": "Manager, GRC, legal, and audit views receive safe summaries only."}], "expected_result": {"manager_review_required": true, "mitre_technique": "T1003.002", "review_required": true}, "expected_role_visibility": {"ai": {"raw_sensitive_values_visible": false, "role": "ai", "summary": "Model-visible views receive sanitized and tokenized content only.", "tokenized_values_visible": true}, "analyst": {"raw_sensitive_values_visible": false, "role": "analyst", "summary": "Analyst views may inspect sanitized security context but not raw sensitive values.", "tokenized_values_visible": true}, "audit_debug": {"raw_sensitive_values_visible": false, "role": "audit_debug", "summary": "Audit/debug views receive tokens, detector categories, hashes, and decisions only.", "tokenized_values_visible": true}, "engineer": {"raw_sensitive_values_visible": false, "role": "engineer", "summary": "Engineer views may inspect sanitized technical context but not raw sensitive values.", "tokenized_values_visible": true}, "legal_privacy": {"raw_sensitive_values_visible": false, "role": "legal_privacy", "summary": "Legal and privacy views receive exposure metadata without raw sensitive values.", "tokenized_values_visible": true}, "manager_grc": {"raw_sensitive_values_visible": false, "role": "manager_grc", "summary": "Manager and GRC views receive safe summaries and evidence alignment only.", "tokenized_values_visible": true}}, "fixture_id": "otrf_soc_telemetry_0004", "notes": "SOC-telemetry fixture derived from MIT-licensed OTRF Security-Datasets lab events. Identifying fields (host, SID, account, domain, port) are dropped by a fail-closed SAFE_FIELDS allowlist; only non-identifying analytical fields survive.", "payload": {"alerts": [{"alert_id": "alert_otrf_soc_telemetry_0004_001", "description": "Sanitized SOC telemetry sample illustrating SAM credential access (T1003.002); analyst and manager review required.", "name": "Adversary technique telemetry review", "severity": "medium", "source": "otrf"}], "description": "Sanitized SOC telemetry sample illustrating SAM credential access (T1003.002); analyst and manager review required.", "entities": [{"entity_type": "host", "role": "affected_asset", "value": "demo-workstation-01"}], "events": [{"description": "Reviewed OTRF lab event projected to non-identifying analytical fields.", "event_id": "evt_otrf_soc_telemetry_0004_001", "event_type": "synthetic_fixture_event", "normalized": {"fixture_type": "soc_telemetry", "source_event": {"Category": "File created (rule: FileCreate)", "Channel": "Microsoft-Windows-Sysmon/Operational", "EventID": 11, "EventTime": "2020-09-22 04:11:17", "EventType": "INFO", "Opcode": "Info", "ProcessName": "svchost.exe", "RuleName": "-", "Severity": "INFO", "SourceName": "Microsoft-Windows-Sysmon", "Task": 11, "UtcTime": "2020-09-22 08:11:17.893", "tags": ["mordorDataset"]}}, "provenance": {"record_index": 0, "source_event_id": "otrf_soc_telemetry_0004", "source_file": "otrf_reviewed_sample"}, "raw_reference": "external source sample removed after sanitization", "source": "otrf"}], "evidence": [{"event_ids": ["evt_otrf_soc_telemetry_0004_001"], "evidence_id": "ev_otrf_soc_telemetry_0004_001", "evidence_type": "log", "excerpt": "{\"Category\": \"File created (rule: FileCreate)\", \"Channel\": \"Microsoft-Windows-Sysmon/Operational\", \"EventID\": 11, \"EventTime\": \"2020-09-22 04:11:17\", \"EventType\": \"INFO\", \"Opcode\": \"Info\", \"ProcessName\": \"svchost.exe\", \"RuleName\": \"-\", \"Severity\": \"INFO\", \"SourceName\": \"Microsoft-Windows-Sysmon\", \"T", "provenance": {"record_index": 0, "source_event_id": "otrf_soc_telemetry_0004", "source_file": "otrf_reviewed_sample"}, "sensitivity": "demo", "source_uri": "fixture://otrf_soc_telemetry_0004", "summary": "Reviewed OTRF lab event projected to non-identifying analytical fields."}], "iocs": [], "organization_context": {"business_unit": "internal_soc", "environment": "demo", "operating_model": "mssp_to_internal_soc_transition", "sensitivity": "demo"}, "source": "generic_soar", "source_case_id": "fixture-otrf_soc_telemetry_0004", "source_metadata": {"fixture_factory": true, "healthcare_review_required": false, "manager_review_required": true, "mitre_technique": "T1003.002", "source_family": "otrf"}, "source_payload_hash": "sha256:16c3e8ede8726b24a0c292894bd91fd41ce7f88de4f7b11617078b70300eddce", "title": "Adversary technique telemetry review"}, "raw_source_retained": false, "scenario_type": "soc_case", "source_family": "otrf", "source_metadata": {"adapter": "otrf_adapter", "license_review_required": true, "raw_source_committed": false, "record_index": 25, "source_file": "empire_mimikatz_sam_access_2020-09-22041117.json", "source_id": "otrf_security_datasets", "source_payload_hash": "sha256:00d1150559650852344ffafa2f634e5ae02c8d1ed6af0fd19ef15276f4c37fa5"}, "source_reference": "otrf_security_datasets", "synthetic_only": true}
{"expected_evidence_ids": ["ev_otrf_soc_telemetry_0005_001"], "expected_guardrails": [{"expected": "pass", "fields": [], "guardrail": "healthcare_safeguard", "reason": "SOC telemetry carries no healthcare context after the SAFE_FIELDS projection."}, {"expected": "review_required", "fields": [], "guardrail": "role_visibility", "reason": "Manager, GRC, legal, and audit views receive safe summaries only."}], "expected_result": {"manager_review_required": true, "mitre_technique": "T1003.002", "review_required": true}, "expected_role_visibility": {"ai": {"raw_sensitive_values_visible": false, "role": "ai", "summary": "Model-visible views receive sanitized and tokenized content only.", "tokenized_values_visible": true}, "analyst": {"raw_sensitive_values_visible": false, "role": "analyst", "summary": "Analyst views may inspect sanitized security context but not raw sensitive values.", "tokenized_values_visible": true}, "audit_debug": {"raw_sensitive_values_visible": false, "role": "audit_debug", "summary": "Audit/debug views receive tokens, detector categories, hashes, and decisions only.", "tokenized_values_visible": true}, "engineer": {"raw_sensitive_values_visible": false, "role": "engineer", "summary": "Engineer views may inspect sanitized technical context but not raw sensitive values.", "tokenized_values_visible": true}, "legal_privacy": {"raw_sensitive_values_visible": false, "role": "legal_privacy", "summary": "Legal and privacy views receive exposure metadata without raw sensitive values.", "tokenized_values_visible": true}, "manager_grc": {"raw_sensitive_values_visible": false, "role": "manager_grc", "summary": "Manager and GRC views receive safe summaries and evidence alignment only.", "tokenized_values_visible": true}}, "fixture_id": "otrf_soc_telemetry_0005", "notes": "SOC-telemetry fixture derived from MIT-licensed OTRF Security-Datasets lab events. Identifying fields (host, SID, account, domain, port) are dropped by a fail-closed SAFE_FIELDS allowlist; only non-identifying analytical fields survive.", "payload": {"alerts": [{"alert_id": "alert_otrf_soc_telemetry_0005_001", "description": "Sanitized SOC telemetry sample illustrating SAM credential access (T1003.002); analyst and manager review required.", "name": "Adversary technique telemetry review", "severity": "medium", "source": "otrf"}], "description": "Sanitized SOC telemetry sample illustrating SAM credential access (T1003.002); analyst and manager review required.", "entities": [{"entity_type": "host", "role": "affected_asset", "value": "demo-workstation-01"}], "events": [{"description": "Reviewed OTRF lab event projected to non-identifying analytical fields.", "event_id": "evt_otrf_soc_telemetry_0005_001", "event_type": "synthetic_fixture_event", "normalized": {"fixture_type": "soc_telemetry", "source_event": {"Category": "Filtering Platform Connection", "Channel": "security", "EventID": 5158, "EventTime": "2020-09-22 04:11:18", "EventType": "AUDIT_SUCCESS", "Opcode": "Info", "Severity": "INFO", "SourceName": "Microsoft-Windows-Security-Auditing", "Task": 12810, "tags": ["mordorDataset"]}}, "provenance": {"record_index": 0, "source_event_id": "otrf_soc_telemetry_0005", "source_file": "otrf_reviewed_sample"}, "raw_reference": "external source sample removed after sanitization", "source": "otrf"}], "evidence": [{"event_ids": ["evt_otrf_soc_telemetry_0005_001"], "evidence_id": "ev_otrf_soc_telemetry_0005_001", "evidence_type": "log", "excerpt": "{\"Category\": \"Filtering Platform Connection\", \"Channel\": \"security\", \"EventID\": 5158, \"EventTime\": \"2020-09-22 04:11:18\", \"EventType\": \"AUDIT_SUCCESS\", \"Opcode\": \"Info\", \"Severity\": \"INFO\", \"SourceName\": \"Microsoft-Windows-Security-Auditing\", \"Task\": 12810, \"tags\": [\"mordorDataset\"]}", "provenance": {"record_index": 0, "source_event_id": "otrf_soc_telemetry_0005", "source_file": "otrf_reviewed_sample"}, "sensitivity": "demo", "source_uri": "fixture://otrf_soc_telemetry_0005", "summary": "Reviewed OTRF lab event projected to non-identifying analytical fields."}], "iocs": [], "organization_context": {"business_unit": "internal_soc", "environment": "demo", "operating_model": "mssp_to_internal_soc_transition", "sensitivity": "demo"}, "source": "generic_soar", "source_case_id": "fixture-otrf_soc_telemetry_0005", "source_metadata": {"fixture_factory": true, "healthcare_review_required": false, "manager_review_required": true, "mitre_technique": "T1003.002", "source_family": "otrf"}, "source_payload_hash": "sha256:13aa1d5f4cb655399a046cb5df01f95d5262fe9c4f58217ee1c36cc99a964208", "title": "Adversary technique telemetry review"}, "raw_source_retained": false, "scenario_type": "soc_case", "source_family": "otrf", "source_metadata": {"adapter": "otrf_adapter", "license_review_required": true, "raw_source_committed": false, "record_index": 26, "source_file": "empire_mimikatz_sam_access_2020-09-22041117.json", "source_id": "otrf_security_datasets", "source_payload_hash": "sha256:3bb2e147ab94180eea3dbd3f92a5d1150b621ea62ac11302b246116f1bf45b0f"}, "source_reference": "otrf_security_datasets", "synthetic_only": true}
{"expected_evidence_ids": ["ev_otrf_soc_telemetry_0006_001"], "expected_guardrails": [{"expected": "pass", "fields": [], "guardrail": "healthcare_safeguard", "reason": "SOC telemetry carries no healthcare context after the SAFE_FIELDS projection."}, {"expected": "review_required", "fields": [], "guardrail": "role_visibility", "reason": "Manager, GRC, legal, and audit views receive safe summaries only."}], "expected_result": {"manager_review_required": true, "mitre_technique": "T1003.002", "review_required": true}, "expected_role_visibility": {"ai": {"raw_sensitive_values_visible": false, "role": "ai", "summary": "Model-visible views receive sanitized and tokenized content only.", "tokenized_values_visible": true}, "analyst": {"raw_sensitive_values_visible": false, "role": "analyst", "summary": "Analyst views may inspect sanitized security context but not raw sensitive values.", "tokenized_values_visible": true}, "audit_debug": {"raw_sensitive_values_visible": false, "role": "audit_debug", "summary": "Audit/debug views receive tokens, detector categories, hashes, and decisions only.", "tokenized_values_visible": true}, "engineer": {"raw_sensitive_values_visible": false, "role": "engineer", "summary": "Engineer views may inspect sanitized technical context but not raw sensitive values.", "tokenized_values_visible": true}, "legal_privacy": {"raw_sensitive_values_visible": false, "role": "legal_privacy", "summary": "Legal and privacy views receive exposure metadata without raw sensitive values.", "tokenized_values_visible": true}, "manager_grc": {"raw_sensitive_values_visible": false, "role": "manager_grc", "summary": "Manager and GRC views receive safe summaries and evidence alignment only.", "tokenized_values_visible": true}}, "fixture_id": "otrf_soc_telemetry_0006", "notes": "SOC-telemetry fixture derived from MIT-licensed OTRF Security-Datasets lab events. Identifying fields (host, SID, account, domain, port) are dropped by a fail-closed SAFE_FIELDS allowlist; only non-identifying analytical fields survive.", "payload": {"alerts": [{"alert_id": "alert_otrf_soc_telemetry_0006_001", "description": "Sanitized SOC telemetry sample illustrating SAM credential access (T1003.002); analyst and manager review required.", "name": "Adversary technique telemetry review", "severity": "medium", "source": "otrf"}], "description": "Sanitized SOC telemetry sample illustrating SAM credential access (T1003.002); analyst and manager review required.", "entities": [{"entity_type": "host", "role": "affected_asset", "value": "demo-workstation-01"}], "events": [{"description": "Reviewed OTRF lab event projected to non-identifying analytical fields.", "event_id": "evt_otrf_soc_telemetry_0006_001", "event_type": "synthetic_fixture_event", "normalized": {"fixture_type": "soc_telemetry", "source_event": {"Category": "Filtering Platform Connection", "Channel": "security", "EventID": 5156, "EventTime": "2020-09-22 04:11:18", "EventType": "AUDIT_SUCCESS", "Opcode": "Info", "Severity": "INFO", "SourceName": "Microsoft-Windows-Security-Auditing", "Task": 12810, "tags": ["mordorDataset"]}}, "provenance": {"record_index": 0, "source_event_id": "otrf_soc_telemetry_0006", "source_file": "otrf_reviewed_sample"}, "raw_reference": "external source sample removed after sanitization", "source": "otrf"}], "evidence": [{"event_ids": ["evt_otrf_soc_telemetry_0006_001"], "evidence_id": "ev_otrf_soc_telemetry_0006_001", "evidence_type": "log", "excerpt": "{\"Category\": \"Filtering Platform Connection\", \"Channel\": \"security\", \"EventID\": 5156, \"EventTime\": \"2020-09-22 04:11:18\", \"EventType\": \"AUDIT_SUCCESS\", \"Opcode\": \"Info\", \"Severity\": \"INFO\", \"SourceName\": \"Microsoft-Windows-Security-Auditing\", \"Task\": 12810, \"tags\": [\"mordorDataset\"]}", "provenance": {"record_index": 0, "source_event_id": "otrf_soc_telemetry_0006", "source_file": "otrf_reviewed_sample"}, "sensitivity": "demo", "source_uri": "fixture://otrf_soc_telemetry_0006", "summary": "Reviewed OTRF lab event projected to non-identifying analytical fields."}], "iocs": [], "organization_context": {"business_unit": "internal_soc", "environment": "demo", "operating_model": "mssp_to_internal_soc_transition", "sensitivity": "demo"}, "source": "generic_soar", "source_case_id": "fixture-otrf_soc_telemetry_0006", "source_metadata": {"fixture_factory": true, "healthcare_review_required": false, "manager_review_required": true, "mitre_technique": "T1003.002", "source_family": "otrf"}, "source_payload_hash": "sha256:ebb32ad274e07d415855b7fedcaa601f21543295867e39183ff6ca3db26ed8c8", "title": "Adversary technique telemetry review"}, "raw_source_retained": false, "scenario_type": "soc_case", "source_family": "otrf", "source_metadata": {"adapter": "otrf_adapter", "license_review_required": true, "raw_source_committed": false, "record_index": 27, "source_file": "empire_mimikatz_sam_access_2020-09-22041117.json", "source_id": "otrf_security_datasets", "source_payload_hash": "sha256:3de5926f5fcd0fdc095ea94221519e64fe51e7cef6c6f37b933c684e0419bdf7"}, "source_reference": "otrf_security_datasets", "synthetic_only": true}
{"expected_evidence_ids": ["ev_otrf_soc_telemetry_0007_001"], "expected_guardrails": [{"expected": "pass", "fields": [], "guardrail": "healthcare_safeguard", "reason": "SOC telemetry carries no healthcare context after the SAFE_FIELDS projection."}, {"expected": "review_required", "fields": [], "guardrail": "role_visibility", "reason": "Manager, GRC, legal, and audit views receive safe summaries only."}], "expected_result": {"manager_review_required": true, "mitre_technique": "T1003.002", "review_required": true}, "expected_role_visibility": {"ai": {"raw_sensitive_values_visible": false, "role": "ai", "summary": "Model-visible views receive sanitized and tokenized content only.", "tokenized_values_visible": true}, "analyst": {"raw_sensitive_values_visible": false, "role": "analyst", "summary": "Analyst views may inspect sanitized security context but not raw sensitive values.", "tokenized_values_visible": true}, "audit_debug": {"raw_sensitive_values_visible": false, "role": "audit_debug", "summary": "Audit/debug views receive tokens, detector categories, hashes, and decisions only.", "tokenized_values_visible": true}, "engineer": {"raw_sensitive_values_visible": false, "role": "engineer", "summary": "Engineer views may inspect sanitized technical context but not raw sensitive values.", "tokenized_values_visible": true}, "legal_privacy": {"raw_sensitive_values_visible": false, "role": "legal_privacy", "summary": "Legal and privacy views receive exposure metadata without raw sensitive values.", "tokenized_values_visible": true}, "manager_grc": {"raw_sensitive_values_visible": false, "role": "manager_grc", "summary": "Manager and GRC views receive safe summaries and evidence alignment only.", "tokenized_values_visible": true}}, "fixture_id": "otrf_soc_telemetry_0007", "notes": "SOC-telemetry fixture derived from MIT-licensed OTRF Security-Datasets lab events. Identifying fields (host, SID, account, domain, port) are dropped by a fail-closed SAFE_FIELDS allowlist; only non-identifying analytical fields survive.", "payload": {"alerts": [{"alert_id": "alert_otrf_soc_telemetry_0007_001", "description": "Sanitized SOC telemetry sample illustrating SAM credential access (T1003.002); analyst and manager review required.", "name": "Adversary technique telemetry review", "severity": "medium", "source": "otrf"}], "description": "Sanitized SOC telemetry sample illustrating SAM credential access (T1003.002); analyst and manager review required.", "entities": [{"entity_type": "host", "role": "affected_asset", "value": "demo-workstation-01"}], "events": [{"description": "Reviewed OTRF lab event projected to non-identifying analytical fields.", "event_id": "evt_otrf_soc_telemetry_0007_001", "event_type": "synthetic_fixture_event", "normalized": {"fixture_type": "soc_telemetry", "source_event": {"Category": "Pipeline Execution Details", "Channel": "Windows PowerShell", "EventID": 800, "EventTime": "2020-09-22 04:11:21", "EventType": "INFO", "Opcode": "Info", "Severity": "INFO", "SourceName": "PowerShell", "Task": 8, "tags": ["mordorDataset"]}}, "provenance": {"record_index": 0, "source_event_id": "otrf_soc_telemetry_0007", "source_file": "otrf_reviewed_sample"}, "raw_reference": "external source sample removed after sanitization", "source": "otrf"}], "evidence": [{"event_ids": ["evt_otrf_soc_telemetry_0007_001"], "evidence_id": "ev_otrf_soc_telemetry_0007_001", "evidence_type": "log", "excerpt": "{\"Category\": \"Pipeline Execution Details\", \"Channel\": \"Windows PowerShell\", \"EventID\": 800, \"EventTime\": \"2020-09-22 04:11:21\", \"EventType\": \"INFO\", \"Opcode\": \"Info\", \"Severity\": \"INFO\", \"SourceName\": \"PowerShell\", \"Task\": 8, \"tags\": [\"mordorDataset\"]}", "provenance": {"record_index": 0, "source_event_id": "otrf_soc_telemetry_0007", "source_file": "otrf_reviewed_sample"}, "sensitivity": "demo", "source_uri": "fixture://otrf_soc_telemetry_0007", "summary": "Reviewed OTRF lab event projected to non-identifying analytical fields."}], "iocs": [], "organization_context": {"business_unit": "internal_soc", "environment": "demo", "operating_model": "mssp_to_internal_soc_transition", "sensitivity": "demo"}, "source": "generic_soar", "source_case_id": "fixture-otrf_soc_telemetry_0007", "source_metadata": {"fixture_factory": true, "healthcare_review_required": false, "manager_review_required": true, "mitre_technique": "T1003.002", "source_family": "otrf"}, "source_payload_hash": "sha256:ef8beea9d1a01783fe62ee37144d87f07c09cfe72e4712c4344235f6b7777bad", "title": "Adversary technique telemetry review"}, "raw_source_retained": false, "scenario_type": "soc_case", "source_family": "otrf", "source_metadata": {"adapter": "otrf_adapter", "license_review_required": true, "raw_source_committed": false, "record_index": 30, "source_file": "empire_mimikatz_sam_access_2020-09-22041117.json", "source_id": "otrf_security_datasets", "source_payload_hash": "sha256:e46ede42ffccbb4a371f86005f0fa6a005705f4742f1d0cfe620dfddbd7d3cf0"}, "source_reference": "otrf_security_datasets", "synthetic_only": true}
{"expected_evidence_ids": ["ev_otrf_soc_telemetry_0008_001"], "expected_guardrails": [{"expected": "pass", "fields": [], "guardrail": "healthcare_safeguard", "reason": "SOC telemetry carries no healthcare context after the SAFE_FIELDS projection."}, {"expected": "review_required", "fields": [], "guardrail": "role_visibility", "reason": "Manager, GRC, legal, and audit views receive safe summaries only."}], "expected_result": {"manager_review_required": true, "mitre_technique": "T1003.002", "review_required": true}, "expected_role_visibility": {"ai": {"raw_sensitive_values_visible": false, "role": "ai", "summary": "Model-visible views receive sanitized and tokenized content only.", "tokenized_values_visible": true}, "analyst": {"raw_sensitive_values_visible": false, "role": "analyst", "summary": "Analyst views may inspect sanitized security context but not raw sensitive values.", "tokenized_values_visible": true}, "audit_debug": {"raw_sensitive_values_visible": false, "role": "audit_debug", "summary": "Audit/debug views receive tokens, detector categories, hashes, and decisions only.", "tokenized_values_visible": true}, "engineer": {"raw_sensitive_values_visible": false, "role": "engineer", "summary": "Engineer views may inspect sanitized technical context but not raw sensitive values.", "tokenized_values_visible": true}, "legal_privacy": {"raw_sensitive_values_visible": false, "role": "legal_privacy", "summary": "Legal and privacy views receive exposure metadata without raw sensitive values.", "tokenized_values_visible": true}, "manager_grc": {"raw_sensitive_values_visible": false, "role": "manager_grc", "summary": "Manager and GRC views receive safe summaries and evidence alignment only.", "tokenized_values_visible": true}}, "fixture_id": "otrf_soc_telemetry_0008", "notes": "SOC-telemetry fixture derived from MIT-licensed OTRF Security-Datasets lab events. Identifying fields (host, SID, account, domain, port) are dropped by a fail-closed SAFE_FIELDS allowlist; only non-identifying analytical fields survive.", "payload": {"alerts": [{"alert_id": "alert_otrf_soc_telemetry_0008_001", "description": "Sanitized SOC telemetry sample illustrating SAM credential access (T1003.002); analyst and manager review required.", "name": "Adversary technique telemetry review", "severity": "medium", "source": "otrf"}], "description": "Sanitized SOC telemetry sample illustrating SAM credential access (T1003.002); analyst and manager review required.", "entities": [{"entity_type": "host", "role": "affected_asset", "value": "demo-workstation-01"}], "events": [{"description": "Reviewed OTRF lab event projected to non-identifying analytical fields.", "event_id": "evt_otrf_soc_telemetry_0008_001", "event_type": "synthetic_fixture_event", "normalized": {"fixture_type": "soc_telemetry", "source_event": {"Category": "Executing Pipeline", "Channel": "Microsoft-Windows-PowerShell/Operational", "EventID": 4103, "EventTime": "2020-09-22 04:11:21", "EventType": "INFO", "Opcode": "To be used when operation is just executing a method", "Severity": "INFO", "SourceName": "Microsoft-Windows-PowerShell", "Task": 106, "tags": ["mordorDataset"]}}, "provenance": {"record_index": 0, "source_event_id": "otrf_soc_telemetry_0008", "source_file": "otrf_reviewed_sample"}, "raw_reference": "external source sample removed after sanitization", "source": "otrf"}], "evidence": [{"event_ids": ["evt_otrf_soc_telemetry_0008_001"], "evidence_id": "ev_otrf_soc_telemetry_0008_001", "evidence_type": "log", "excerpt": "{\"Category\": \"Executing Pipeline\", \"Channel\": \"Microsoft-Windows-PowerShell/Operational\", \"EventID\": 4103, \"EventTime\": \"2020-09-22 04:11:21\", \"EventType\": \"INFO\", \"Opcode\": \"To be used when operation is just executing a method\", \"Severity\": \"INFO\", \"SourceName\": \"Microsoft-Windows-PowerShell\", \"Tas", "provenance": {"record_index": 0, "source_event_id": "otrf_soc_telemetry_0008", "source_file": "otrf_reviewed_sample"}, "sensitivity": "demo", "source_uri": "fixture://otrf_soc_telemetry_0008", "summary": "Reviewed OTRF lab event projected to non-identifying analytical fields."}], "iocs": [], "organization_context": {"business_unit": "internal_soc", "environment": "demo", "operating_model": "mssp_to_internal_soc_transition", "sensitivity": "demo"}, "source": "generic_soar", "source_case_id": "fixture-otrf_soc_telemetry_0008", "source_metadata": {"fixture_factory": true, "healthcare_review_required": false, "manager_review_required": true, "mitre_technique": "T1003.002", "source_family": "otrf"}, "source_payload_hash": "sha256:86b74170263024cdc7f5f2bc0a601fbe9f7a1f2dc7f539af51453538acad5e2f", "title": "Adversary technique telemetry review"}, "raw_source_retained": false, "scenario_type": "soc_case", "source_family": "otrf", "source_metadata": {"adapter": "otrf_adapter", "license_review_required": true, "raw_source_committed": false, "record_index": 33, "source_file": "empire_mimikatz_sam_access_2020-09-22041117.json", "source_id": "otrf_security_datasets", "source_payload_hash": "sha256:d49bdebd19e944263135958913ef2cd775b3758a45defe5cb67ede6a3ebfebf9"}, "source_reference": "otrf_security_datasets", "synthetic_only": true}
